board.lis                                                    2020 June 2



IAU STANDARDS OF FUNDAMENTAL ASTRONOMY BOARD


Current Membership

   John Bangert - United States Naval Observatory, retired
   Steven Bell - Her Majesty's Nautical Almanac Office (HMNAO)
   Nicole Capitaine - Paris Observatory
   Mickael Gastineau - Paris Observatory, IMCCE
   Catherine Hohenkerk - HMNAO (Chair, retired)
   Li Jinling - Shanghai Astronomical Observatory
   Brian Luzum - United States Naval Observatory (IERS)
   Zinovy Malkin - Pulkovo Observatory, St Petersburg
   Jeffrey Percival - University of Wisconsin
   Wendy Puatua - United States Naval Observatory
   Scott Ransom - National Radio Astronomy Observatory
   Nick Stamatakos - United States Naval Observatory
   Patrick Wallace - RAL Space, retired
   Toni Wilmot -  Her Majesty's Nautical Almanac Office (Trainee)


Past Members

   Wim Brouw              University of Groningen
   Mark Calabretta        Australia Telescope National Facility
   William Folkner        Jet Propulsion Laboratory
   Anne-Marie Gontier     Paris Observatory
   George Hobbs           Australia Telescope National Facility
   George Kaplan          United States Naval Observatory
   Dennis McCarthy        United States Naval Observatory
   Skip Newhall           Jet Propulsion Laboratory
   Jin Wen-Jing           Shanghai Astronomical Observatory


The email address for the Board chair is catherine.hohenkerk@gmail.com
